<?xml version="1.0" encoding="UTF-8"?>
<testng-results skipped="0" failed="0" ignored="0" total="1" passed="1">
  <reporter-output>
  </reporter-output>
  <suite name="Default suite" duration-ms="26166" started-at="2018-11-20T12:16:41Z" finished-at="2018-11-20T12:17:07Z">
    <groups>
    </groups>
    <test name="Default test" duration-ms="26166" started-at="2018-11-20T12:16:41Z" finished-at="2018-11-20T12:17:07Z">
      <class name="requirements.workerRegistration.RegisterNewWorkers">
        <test-method status="PASS" signature="setup()[pri:0, instance:requirements.workerRegistration.RegisterNewWorkers@569cfc36]" name="setup" is-config="true" duration-ms="17410" started-at="2018-11-20T17:46:41Z" finished-at="2018-11-20T17:46:59Z">
          <reporter-output>
          </reporter-output>
        </test-method> <!-- setup -->
        <test-method status="PASS" signature="init()[pri:0, instance:requirements.workerRegistration.RegisterNewWorkers@569cfc36]" name="init" is-config="true" duration-ms="1" started-at="2018-11-20T17:46:59Z" finished-at="2018-11-20T17:46:59Z">
          <reporter-output>
          </reporter-output>
        </test-method> <!-- init -->
        <test-method status="PASS" signature="login_crm()[pri:0, instance:requirements.workerRegistration.RegisterNewWorkers@569cfc36]" name="login_crm" duration-ms="7377" started-at="2018-11-20T17:46:59Z" finished-at="2018-11-20T17:47:06Z">
          <reporter-output>
          </reporter-output>
        </test-method> <!-- login_crm -->
        <test-method status="PASS" signature="quit()[pri:0, instance:requirements.workerRegistration.RegisterNewWorkers@569cfc36]" name="quit" is-config="true" duration-ms="1336" started-at="2018-11-20T17:47:06Z" finished-at="2018-11-20T17:47:07Z">
          <reporter-output>
          </reporter-output>
        </test-method> <!-- quit -->
      </class> <!-- requirements.workerRegistration.RegisterNewWorkers -->
    </test> <!-- Default test -->
  </suite> <!-- Default suite -->
</testng-results>
