<?xml version="1.0" encoding="UTF-8"?>
<testng-results skipped="0" failed="0" ignored="0" total="1" passed="1">
  <reporter-output>
  </reporter-output>
  <suite name="Default suite" duration-ms="21161" started-at="2018-10-31T10:23:47Z" finished-at="2018-10-31T10:24:09Z">
    <groups>
    </groups>
    <test name="Default test" duration-ms="21161" started-at="2018-10-31T10:23:47Z" finished-at="2018-10-31T10:24:09Z">
      <class name="requirements.workerRegistration.RegisterNewWorkers">
        <test-method status="PASS" signature="setup()[pri:0, instance:requirements.workerRegistration.RegisterNewWorkers@569cfc36]" name="setup" is-config="true" duration-ms="13344" started-at="2018-10-31T15:53:47Z" finished-at="2018-10-31T15:54:01Z">
          <reporter-output>
          </reporter-output>
        </test-method> <!-- setup -->
        <test-method status="PASS" signature="init()[pri:0, instance:requirements.workerRegistration.RegisterNewWorkers@569cfc36]" name="init" is-config="true" duration-ms="4" started-at="2018-10-31T15:54:01Z" finished-at="2018-10-31T15:54:01Z">
          <reporter-output>
          </reporter-output>
        </test-method> <!-- init -->
        <test-method status="PASS" signature="login_crm()[pri:0, instance:requirements.workerRegistration.RegisterNewWorkers@569cfc36]" name="login_crm" duration-ms="6770" started-at="2018-10-31T15:54:01Z" finished-at="2018-10-31T15:54:08Z">
          <reporter-output>
          </reporter-output>
        </test-method> <!-- login_crm -->
        <test-method status="PASS" signature="quit()[pri:0, instance:requirements.workerRegistration.RegisterNewWorkers@569cfc36]" name="quit" is-config="true" duration-ms="1012" started-at="2018-10-31T15:54:08Z" finished-at="2018-10-31T15:54:09Z">
          <reporter-output>
          </reporter-output>
        </test-method> <!-- quit -->
      </class> <!-- requirements.workerRegistration.RegisterNewWorkers -->
    </test> <!-- Default test -->
  </suite> <!-- Default suite -->
</testng-results>
